{
  "stats": {
    "suites": 1,
    "tests": 2,
    "passes": 2,
    "pending": 0,
    "failures": 0,
    "start": "2023-09-16T18:37:01.380Z",
    "end": "2023-09-16T18:37:03.319Z",
    "duration": 1939,
    "testsRegistered": 2,
    "passPercent": 100,
    "pendingPercent": 0,
    "other": 0,
    "hasOther": false,
    "skipped": 0,
    "hasSkipped": false
  },
  "results": [
    {
      "uuid": "2c9598b6-ef31-4486-906a-cb35b3c127d2",
      "title": "",
      "fullFile": "C:\\Users\\Acer\\OneDrive - Universitas Teknologi Yogyakarta\\Belajar QA\\APItest\\test\\api\\chaiassert.js",
      "file": "\\test\\api\\chaiassert.js",
      "beforeHooks": [],
      "afterHooks": [],
      "tests": [],
      "suites": [
        {
          "uuid": "14daf535-d381-49fd-8366-7717388ab4d4",
          "title": "post request example",
          "fullFile": "C:\\Users\\Acer\\OneDrive - Universitas Teknologi Yogyakarta\\Belajar QA\\APItest\\test\\api\\chaiassert.js",
          "file": "\\test\\api\\chaiassert.js",
          "beforeHooks": [],
          "afterHooks": [],
          "tests": [
            {
              "title": "response status equal to 200",
              "fullTitle": "post request example response status equal to 200",
              "timedOut": false,
              "duration": 1927,
              "state": "passed",
              "speed": "slow",
              "pass": true,
              "fail": false,
              "pending": false,
              "context": null,
              "code": "//response status harus sama dengan code 200\nexpect((await response).status).to.equal(200)",
              "err": {},
              "uuid": "bc31fd86-81fd-49c2-ba7d-37aa4db72ca3",
              "parentUUID": "14daf535-d381-49fd-8366-7717388ab4d4",
              "isHook": false,
              "skipped": false
            },
            {
              "title": "response body to haveownproperty",
              "fullTitle": "post request example response body to haveownproperty",
              "timedOut": false,
              "duration": 2,
              "state": "passed",
              "speed": "fast",
              "pass": true,
              "fail": false,
              "pending": false,
              "context": null,
              "code": "//dalam response body terdapat status massage\nexpect((await response).body).to.haveOwnProperty('message')",
              "err": {},
              "uuid": "ed73feb5-4b83-4f79-8604-622ab650d1cb",
              "parentUUID": "14daf535-d381-49fd-8366-7717388ab4d4",
              "isHook": false,
              "skipped": false
            }
          ],
          "suites": [],
          "passes": [
            "bc31fd86-81fd-49c2-ba7d-37aa4db72ca3",
            "ed73feb5-4b83-4f79-8604-622ab650d1cb"
          ],
          "failures": [],
          "pending": [],
          "skipped": [],
          "duration": 1929,
          "root": false,
          "rootEmpty": false,
          "_timeout": 2000
        }
      ],
      "passes": [],
      "failures": [],
      "pending": [],
      "skipped": [],
      "duration": 0,
      "root": true,
      "rootEmpty": true,
      "_timeout": 2000
    }
  ],
  "meta": {
    "mocha": {
      "version": "10.2.0"
    },
    "mochawesome": {
      "options": {
        "quiet": false,
        "reportFilename": "mochawesome",
        "saveHtml": true,
        "saveJson": true,
        "consoleReporter": "spec",
        "useInlineDiffs": false,
        "code": true
      },
      "version": "7.1.3"
    },
    "marge": {
      "options": null,
      "version": "6.2.0"
    }
  }
}